{
  "RSpec": {
    "coverage": {
      "/Users/VLS/Dev/turing/4module/glass-basement/spec/controllers/companies_controller_spec.rb": [
        1,
        null,
        0,
        null,
        null
      ],
      "/Users/VLS/Dev/turing/4module/glass-basement/spec/rails_helper.rb": [
        1,
        1,
        1,
        1,
        1,
        1,
        null,
        null,
        1,
        null,
        0,
        0,
        0,
        null,
        0,
        0,
        null,
        0,
        0,
        0,
        null,
        null,
        0,
        0,
        0,
        null,
        null,
        null
      ],
      "/Users/VLS/Dev/turing/4module/glass-basement/config/environment.rb": [
        null,
        1,
        null,
        null,
        1
      ],
      "/Users/VLS/Dev/turing/4module/glass-basement/config/application.rb": [
        1,
        null,
        1,
        null,
        1,
        1,
        1,
        1,
        1,
        1,
        1,
        null,
        null,
        null,
        null,
        1,
        null,
        1,
        1,
        null,
        null,
        null,
        null,
        null,
        null,
        null,
        null,
        null,
        null,
        null,
        null,
        null,
        1,
        null,
        null
      ],
      "/Users/VLS/Dev/turing/4module/glass-basement/config/boot.rb": [
        1,
        null,
        1
      ],
      "/Users/VLS/Dev/turing/4module/glass-basement/config/environments/test.rb": [
        1,
        null,
        null,
        null,
        null,
        null,
        null,
        1,
        null,
        null,
        null,
        null,
        1,
        null,
        null,
        1,
        1,
        null,
        null,
        1,
        1,
        null,
        null,
        1,
        null,
        null,
        1,
        null,
        null,
        null,
        null,
        1,
        null,
        null,
        1,
        null,
        null,
        1,
        null,
        null,
        null,
        null
      ],
      "/Users/VLS/Dev/turing/4module/glass-basement/config/initializers/assets.rb": [
        null,
        null,
        null,
        1,
        null,
        null,
        null,
        null,
        null,
        null,
        null
      ],
      "/Users/VLS/Dev/turing/4module/glass-basement/config/initializers/backtrace_silencers.rb": [
        null,
        null,
        null,
        null,
        null,
        null,
        null
      ],
      "/Users/VLS/Dev/turing/4module/glass-basement/config/initializers/cookies_serializer.rb": [
        null,
        null,
        1
      ],
      "/Users/VLS/Dev/turing/4module/glass-basement/config/initializers/filter_parameter_logging.rb": [
        null,
        null,
        null,
        1
      ],
      "/Users/VLS/Dev/turing/4module/glass-basement/config/initializers/inflections.rb": [
        null,
        null,
        null,
        null,
        null,
        null,
        null,
        null,
        null,
        null,
        null,
        null,
        null,
        null,
        null,
        null
      ],
      "/Users/VLS/Dev/turing/4module/glass-basement/config/initializers/mime_types.rb": [
        null,
        null,
        null,
        null
      ],
      "/Users/VLS/Dev/turing/4module/glass-basement/config/initializers/omniauth.rb": [
        1,
        1,
        null
      ],
      "/Users/VLS/Dev/turing/4module/glass-basement/config/initializers/session_store.rb": [
        null,
        null,
        1
      ],
      "/Users/VLS/Dev/turing/4module/glass-basement/config/initializers/wrap_parameters.rb": [
        null,
        null,
        null,
        null,
        null,
        null,
        1,
        1,
        null,
        null,
        null,
        null,
        null,
        null
      ],
      "/Users/VLS/Dev/turing/4module/glass-basement/config/routes.rb": [
        1,
        1,
        1,
        1,
        1,
        1,
        null
      ],
      "/Users/VLS/Dev/turing/4module/glass-basement/app/helpers/application_helper.rb": [
        1,
        null
      ],
      "/Users/VLS/Dev/turing/4module/glass-basement/app/helpers/companies_helper.rb": [
        1,
        null,
        null
      ],
      "/Users/VLS/Dev/turing/4module/glass-basement/app/helpers/jobs_helper.rb": [
        1,
        1,
        0,
        null,
        null
      ],
      "/Users/VLS/Dev/turing/4module/glass-basement/app/helpers/regions_helper.rb": [
        1,
        1,
        0,
        null,
        null
      ],
      "/Users/VLS/Dev/turing/4module/glass-basement/app/helpers/sessions_helper.rb": [
        1,
        null
      ]
    },
    "timestamp": 1434411242
  }
}
